[2025-01-19T12:11:24.146Z] INFO: Server is running on port 3000
[2025-01-19T12:11:27.050Z] INFO: Connected to MongoDB
[2025-01-19T12:12:39.881Z] INFO: Server is running on port 3000
[2025-01-19T12:12:42.678Z] INFO: Connected to MongoDB
[2025-01-19T12:15:37.450Z] INFO: Server is running on port 3000
[2025-01-19T12:15:38.404Z] INFO: Connected to MongoDB
[2025-01-19T12:17:23.212Z] INFO: MT: GET | PA: /logs/ | AU: Authenticated | ST: 404 | RT: 4.00 ms
[2025-01-19T12:17:23.216Z] INFO: MT: GET | PA: /logs/ | AU: Authenticated | ST: 404 | RT: 1.00 ms
[2025-01-19T12:18:06.736Z] INFO: Server is running on port 3000
[2025-01-19T12:18:09.537Z] INFO: Connected to MongoDB
[2025-01-19T12:18:35.684Z] INFO: MT: GET | PA: /static/profile/64e9ba8eaeba5be8be479d00.https://universitykart.b-cdn.net//Content/upload/admin/xgguhkwb.zwq.jpg | AU: Unauthenticated | ST: 404 | RT: 3.00 ms
[2025-01-19T12:18:35.696Z] INFO: MT: GET | PA: /logs | AU: Authenticated | ST: 200 | RT: 7.00 ms
[2025-01-19T12:18:35.709Z] INFO: MT: GET | PA: /logs | AU: Authenticated | ST: 200 | RT: 5.00 ms
[2025-01-19T12:18:37.321Z] INFO: MT: GET | PA: /logs | AU: Authenticated | ST: 200 | RT: 5.00 ms
[2025-01-19T12:18:37.348Z] INFO: MT: POST | PA: /maintainance | AU: Authenticated | ST: 200 | RT: 3.00 ms
[2025-01-19T12:18:37.334Z] INFO: MT: POST | PA: /maintainance | AU: Authenticated | ST: 200 | RT: 3.00 ms
[2025-01-19T12:18:37.358Z] INFO: MT: GET | PA: /logs | AU: Authenticated | ST: 200 | RT: 3.00 ms
[2025-01-19T12:18:37.380Z] INFO: MT: GET | PA: /static/profile/64e9ba8eaeba5be8be479d00.https://universitykart.b-cdn.net//Content/upload/admin/xgguhkwb.zwq.jpg | AU: Unauthenticated | ST: 404 | RT: 1.00 ms
[2025-01-19T12:20:24.586Z] INFO: MT: POST | PA: /maintainance | AU: Authenticated | ST: 200 | RT: 3.00 ms
[2025-01-19T12:20:24.594Z] INFO: MT: POST | PA: /maintainance | AU: Authenticated | ST: 200 | RT: 3.00 ms
[2025-01-19T12:23:05.775Z] INFO: MT: GET | PA: /logs | AU: Authenticated | ST: 200 | RT: 4.00 ms
[2025-01-19T12:23:05.781Z] INFO: MT: POST | PA: /maintainance | AU: Authenticated | ST: 200 | RT: 2.00 ms
[2025-01-19T12:23:05.786Z] INFO: MT: POST | PA: /maintainance | AU: Authenticated | ST: 200 | RT: 3.00 ms
[2025-01-19T12:23:05.792Z] INFO: MT: GET | PA: /logs | AU: Authenticated | ST: 200 | RT: 3.00 ms
[2025-01-19T12:23:05.851Z] INFO: MT: GET | PA: /static/profile/64e9ba8eaeba5be8be479d00.https://universitykart.b-cdn.net//Content/upload/admin/xgguhkwb.zwq.jpg | AU: Unauthenticated | ST: 404 | RT: 1.00 ms
[2025-01-19T12:23:14.888Z] INFO: MT: GET | PA: /logs | AU: Authenticated | ST: 200 | RT: 4.00 ms
[2025-01-19T12:23:15.921Z] INFO: MT: GET | PA: /logs | AU: Authenticated | ST: 200 | RT: 5.00 ms
[2025-01-19T12:23:16.739Z] INFO: MT: GET | PA: /logs | AU: Authenticated | ST: 200 | RT: 4.00 ms
[2025-01-19T12:23:17.508Z] INFO: MT: GET | PA: /logs | AU: Authenticated | ST: 200 | RT: 1.00 ms
[2025-01-19T12:23:17.977Z] INFO: MT: GET | PA: /logs | AU: Authenticated | ST: 200 | RT: 2.00 ms
[2025-01-19T12:24:03.416Z] INFO: MT: GET | PA: /logs | AU: Authenticated | ST: 200 | RT: 1.00 ms
[2025-01-19T12:24:22.417Z] INFO: MT: GET | PA: /logs | AU: Authenticated | ST: 200 | RT: 2.00 ms
[2025-01-19T12:24:36.043Z] INFO: MT: GET | PA: /logs | AU: Authenticated | ST: 200 | RT: 2.00 ms
[2025-01-19T12:24:38.969Z] INFO: MT: GET | PA: /logs | AU: Authenticated | ST: 200 | RT: 2.00 ms
[2025-01-19T12:24:42.924Z] INFO: MT: GET | PA: /logs | AU: Authenticated | ST: 200 | RT: 3.00 ms
[2025-01-19T12:26:46.476Z] INFO: MT: GET | PA: /logs | AU: Authenticated | ST: 200 | RT: 3.00 ms
[2025-01-19T12:26:46.488Z] INFO: MT: GET | PA: /logs | AU: Authenticated | ST: 200 | RT: 4.00 ms
[2025-01-19T12:26:47.057Z] INFO: MT: GET | PA: /logs | AU: Authenticated | ST: 200 | RT: 3.00 ms
[2025-01-19T12:26:47.090Z] INFO: MT: GET | PA: /logs | AU: Authenticated | ST: 200 | RT: 3.00 ms
[2025-01-19T12:26:47.098Z] INFO: MT: GET | PA: /logs | AU: Authenticated | ST: 200 | RT: 4.00 ms
[2025-01-19T12:26:47.369Z] INFO: MT: GET | PA: /logs | AU: Authenticated | ST: 200 | RT: 2.00 ms
[2025-01-19T12:26:47.581Z] INFO: MT: GET | PA: /logs | AU: Authenticated | ST: 200 | RT: 4.00 ms
[2025-01-19T12:26:47.699Z] INFO: MT: GET | PA: /logs | AU: Authenticated | ST: 200 | RT: 2.00 ms
[2025-01-19T12:26:47.704Z] INFO: MT: GET | PA: /logs | AU: Authenticated | ST: 200 | RT: 3.00 ms
[2025-01-19T12:26:47.989Z] INFO: MT: GET | PA: /logs | AU: Authenticated | ST: 200 | RT: 4.00 ms
[2025-01-19T12:26:48.160Z] INFO: MT: GET | PA: /logs | AU: Authenticated | ST: 200 | RT: 2.00 ms
[2025-01-19T12:26:48.305Z] INFO: MT: GET | PA: /logs | AU: Authenticated | ST: 200 | RT: 2.00 ms
[2025-01-19T12:26:48.319Z] INFO: MT: GET | PA: /logs | AU: Authenticated | ST: 200 | RT: 3.00 ms
[2025-01-19T12:26:48.492Z] INFO: MT: GET | PA: /logs | AU: Authenticated | ST: 200 | RT: 3.00 ms
[2025-01-19T12:26:48.656Z] INFO: MT: GET | PA: /logs | AU: Authenticated | ST: 200 | RT: 3.00 ms
[2025-01-19T12:26:48.830Z] INFO: MT: GET | PA: /logs | AU: Authenticated | ST: 200 | RT: 3.00 ms
[2025-01-19T12:26:48.838Z] INFO: MT: GET | PA: /logs | AU: Authenticated | ST: 200 | RT: 3.00 ms
[2025-01-19T12:26:48.999Z] INFO: MT: GET | PA: /logs | AU: Authenticated | ST: 200 | RT: 3.00 ms
[2025-01-19T12:26:49.125Z] INFO: MT: GET | PA: /logs | AU: Authenticated | ST: 200 | RT: 2.00 ms
[2025-01-19T12:26:49.280Z] INFO: MT: GET | PA: /logs | AU: Authenticated | ST: 200 | RT: 4.00 ms
[2025-01-19T12:26:49.294Z] INFO: MT: GET | PA: /logs | AU: Authenticated | ST: 200 | RT: 3.00 ms
[2025-01-19T12:26:49.461Z] INFO: MT: GET | PA: /logs | AU: Authenticated | ST: 200 | RT: 2.00 ms
[2025-01-19T12:26:49.555Z] INFO: MT: GET | PA: /logs | AU: Authenticated | ST: 200 | RT: 1.00 ms
[2025-01-19T12:26:49.672Z] INFO: MT: GET | PA: /logs | AU: Authenticated | ST: 200 | RT: 3.00 ms
[2025-01-19T12:26:49.678Z] INFO: MT: GET | PA: /logs | AU: Authenticated | ST: 200 | RT: 3.00 ms
[2025-01-19T12:26:49.803Z] INFO: MT: GET | PA: /logs | AU: Authenticated | ST: 200 | RT: 2.00 ms
[2025-01-19T12:26:49.903Z] INFO: MT: GET | PA: /logs | AU: Authenticated | ST: 200 | RT: 1.00 ms
[2025-01-19T12:26:50.032Z] INFO: MT: GET | PA: /logs | AU: Authenticated | ST: 200 | RT: 2.00 ms
[2025-01-19T12:26:50.039Z] INFO: MT: GET | PA: /logs | AU: Authenticated | ST: 200 | RT: 2.00 ms
[2025-01-19T12:26:50.200Z] INFO: MT: GET | PA: /logs | AU: Authenticated | ST: 200 | RT: 2.00 ms
[2025-01-19T12:26:50.296Z] INFO: MT: GET | PA: /logs | AU: Authenticated | ST: 200 | RT: 1.00 ms
[2025-01-19T12:26:50.416Z] INFO: MT: GET | PA: /logs | AU: Authenticated | ST: 200 | RT: 3.00 ms
[2025-01-19T12:26:50.421Z] INFO: MT: GET | PA: /logs | AU: Authenticated | ST: 200 | RT: 2.00 ms
[2025-01-19T12:26:50.568Z] INFO: MT: GET | PA: /logs | AU: Authenticated | ST: 200 | RT: 1.00 ms
[2025-01-19T12:26:50.661Z] INFO: MT: GET | PA: /logs | AU: Authenticated | ST: 200 | RT: 2.00 ms
[2025-01-19T12:26:50.825Z] INFO: MT: GET | PA: /logs | AU: Authenticated | ST: 200 | RT: 2.00 ms
[2025-01-19T12:26:50.829Z] INFO: MT: GET | PA: /logs | AU: Authenticated | ST: 200 | RT: 2.00 ms
[2025-01-19T12:26:50.960Z] INFO: MT: GET | PA: /logs | AU: Authenticated | ST: 200 | RT: 1.00 ms
[2025-01-19T12:26:51.056Z] INFO: MT: GET | PA: /logs | AU: Authenticated | ST: 200 | RT: 1.00 ms
[2025-01-19T12:26:51.202Z] INFO: MT: GET | PA: /logs | AU: Authenticated | ST: 200 | RT: 3.00 ms
[2025-01-19T12:26:51.212Z] INFO: MT: GET | PA: /logs | AU: Authenticated | ST: 200 | RT: 2.00 ms
[2025-01-19T12:26:51.407Z] INFO: MT: GET | PA: /logs | AU: Authenticated | ST: 200 | RT: 2.00 ms
[2025-01-19T12:26:51.573Z] INFO: MT: GET | PA: /logs | AU: Authenticated | ST: 200 | RT: 2.00 ms
[2025-01-19T12:26:51.704Z] INFO: MT: GET | PA: /logs | AU: Authenticated | ST: 200 | RT: 2.00 ms
[2025-01-19T12:26:51.715Z] INFO: MT: GET | PA: /logs | AU: Authenticated | ST: 200 | RT: 2.00 ms
[2025-01-19T12:26:51.876Z] INFO: MT: GET | PA: /logs | AU: Authenticated | ST: 200 | RT: 2.00 ms
[2025-01-19T12:26:52.035Z] INFO: MT: GET | PA: /logs | AU: Authenticated | ST: 200 | RT: 3.00 ms
[2025-01-19T12:26:52.226Z] INFO: MT: GET | PA: /logs | AU: Authenticated | ST: 200 | RT: 3.00 ms
[2025-01-19T12:26:52.231Z] INFO: MT: GET | PA: /logs | AU: Authenticated | ST: 200 | RT: 2.00 ms
[2025-01-19T12:26:52.404Z] INFO: MT: GET | PA: /logs | AU: Authenticated | ST: 200 | RT: 1.00 ms
[2025-01-19T12:26:52.570Z] INFO: MT: GET | PA: /logs | AU: Authenticated | ST: 200 | RT: 2.00 ms
[2025-01-19T12:26:52.715Z] INFO: MT: GET | PA: /logs | AU: Authenticated | ST: 200 | RT: 2.00 ms
[2025-01-19T12:26:52.721Z] INFO: MT: GET | PA: /logs | AU: Authenticated | ST: 200 | RT: 2.00 ms
[2025-01-19T12:26:52.890Z] INFO: MT: GET | PA: /logs | AU: Authenticated | ST: 200 | RT: 2.00 ms
[2025-01-19T12:26:53.014Z] INFO: MT: GET | PA: /logs | AU: Authenticated | ST: 200 | RT: 2.00 ms
[2025-01-19T12:26:53.175Z] INFO: MT: GET | PA: /logs | AU: Authenticated | ST: 200 | RT: 2.00 ms
[2025-01-19T12:26:53.180Z] INFO: MT: GET | PA: /logs | AU: Authenticated | ST: 200 | RT: 2.00 ms
[2025-01-19T12:26:53.341Z] INFO: MT: GET | PA: /logs | AU: Authenticated | ST: 200 | RT: 1.00 ms
[2025-01-19T12:26:53.576Z] INFO: MT: GET | PA: /logs | AU: Authenticated | ST: 200 | RT: 1.00 ms
[2025-01-19T12:26:53.702Z] INFO: MT: GET | PA: /logs | AU: Authenticated | ST: 200 | RT: 1.00 ms
[2025-01-19T12:26:53.706Z] INFO: MT: GET | PA: /logs | AU: Authenticated | ST: 200 | RT: 1.00 ms
[2025-01-19T12:26:53.885Z] INFO: MT: GET | PA: /logs | AU: Authenticated | ST: 200 | RT: 2.00 ms
[2025-01-19T12:26:54.153Z] INFO: MT: GET | PA: /logs | AU: Authenticated | ST: 200 | RT: 1.00 ms
[2025-01-19T12:26:54.314Z] INFO: MT: GET | PA: /logs | AU: Authenticated | ST: 200 | RT: 1.00 ms
[2025-01-19T12:26:54.324Z] INFO: MT: GET | PA: /logs | AU: Authenticated | ST: 200 | RT: 2.00 ms
[2025-01-19T12:26:54.665Z] INFO: MT: GET | PA: /logs | AU: Authenticated | ST: 200 | RT: 2.00 ms
[2025-01-19T12:26:54.864Z] INFO: MT: GET | PA: /logs | AU: Authenticated | ST: 200 | RT: 2.00 ms
[2025-01-19T12:26:55.358Z] INFO: MT: GET | PA: /logs | AU: Authenticated | ST: 200 | RT: 1.00 ms
[2025-01-19T12:26:55.362Z] INFO: MT: GET | PA: /logs | AU: Authenticated | ST: 200 | RT: 1.00 ms
[2025-01-19T12:26:55.593Z] INFO: MT: GET | PA: /logs | AU: Authenticated | ST: 200 | RT: 2.00 ms
[2025-01-19T12:26:55.842Z] INFO: MT: GET | PA: /logs | AU: Authenticated | ST: 200 | RT: 1.00 ms
[2025-01-19T12:26:56.089Z] INFO: MT: GET | PA: /logs | AU: Authenticated | ST: 200 | RT: 1.00 ms
[2025-01-19T12:26:56.093Z] INFO: MT: GET | PA: /logs | AU: Authenticated | ST: 200 | RT: 2.00 ms
[2025-01-19T12:26:56.296Z] INFO: MT: GET | PA: /logs | AU: Authenticated | ST: 200 | RT: 1.00 ms
[2025-01-19T12:26:56.541Z] INFO: MT: GET | PA: /logs | AU: Authenticated | ST: 200 | RT: 1.00 ms
[2025-01-19T12:26:56.682Z] INFO: MT: GET | PA: /logs | AU: Authenticated | ST: 200 | RT: 1.00 ms
[2025-01-19T12:26:56.685Z] INFO: MT: GET | PA: /logs | AU: Authenticated | ST: 200 | RT: 1.00 ms
[2025-01-19T12:26:56.823Z] INFO: MT: GET | PA: /logs | AU: Authenticated | ST: 200 | RT: 1.00 ms
[2025-01-19T12:26:57.017Z] INFO: MT: GET | PA: /logs | AU: Authenticated | ST: 200 | RT: 1.00 ms
[2025-01-19T12:26:57.146Z] INFO: MT: GET | PA: /logs | AU: Authenticated | ST: 200 | RT: 1.00 ms
[2025-01-19T12:26:57.149Z] INFO: MT: GET | PA: /logs | AU: Authenticated | ST: 200 | RT: 1.00 ms
[2025-01-19T12:26:57.308Z] INFO: MT: GET | PA: /logs | AU: Authenticated | ST: 200 | RT: 1.00 ms
[2025-01-19T12:26:57.557Z] INFO: MT: GET | PA: /logs | AU: Authenticated | ST: 200 | RT: 1.00 ms
[2025-01-19T12:26:57.704Z] INFO: MT: GET | PA: /logs | AU: Authenticated | ST: 200 | RT: 9.00 ms
[2025-01-19T12:26:57.708Z] INFO: MT: GET | PA: /logs | AU: Authenticated | ST: 200 | RT: 1.00 ms
[2025-01-19T12:26:57.875Z] INFO: MT: GET | PA: /logs | AU: Authenticated | ST: 200 | RT: 1.00 ms
[2025-01-19T12:26:58.099Z] INFO: MT: GET | PA: /logs | AU: Authenticated | ST: 200 | RT: 1.00 ms
[2025-01-19T12:26:58.234Z] INFO: MT: GET | PA: /logs | AU: Authenticated | ST: 200 | RT: 2.00 ms
[2025-01-19T12:26:58.240Z] INFO: MT: GET | PA: /logs | AU: Authenticated | ST: 200 | RT: 2.00 ms
[2025-01-19T12:26:58.439Z] INFO: MT: GET | PA: /logs | AU: Authenticated | ST: 200 | RT: 1.00 ms
[2025-01-19T12:26:58.651Z] INFO: MT: GET | PA: /logs | AU: Authenticated | ST: 200 | RT: 1.00 ms
[2025-01-19T12:26:58.812Z] INFO: MT: GET | PA: /logs | AU: Authenticated | ST: 200 | RT: 1.00 ms
[2025-01-19T12:26:58.817Z] INFO: MT: GET | PA: /logs | AU: Authenticated | ST: 200 | RT: 1.00 ms
[2025-01-19T12:26:59.055Z] INFO: MT: GET | PA: /logs | AU: Authenticated | ST: 200 | RT: 1.00 ms
[2025-01-19T12:26:59.270Z] INFO: MT: GET | PA: /logs | AU: Authenticated | ST: 200 | RT: 1.00 ms
[2025-01-19T12:26:59.421Z] INFO: MT: GET | PA: /logs | AU: Authenticated | ST: 200 | RT: 1.00 ms
[2025-01-19T12:26:59.425Z] INFO: MT: GET | PA: /logs | AU: Authenticated | ST: 200 | RT: 2.00 ms
[2025-01-19T12:26:59.587Z] INFO: MT: GET | PA: /logs | AU: Authenticated | ST: 200 | RT: 1.00 ms
[2025-01-19T12:26:59.823Z] INFO: MT: GET | PA: /logs | AU: Authenticated | ST: 200 | RT: 1.00 ms
[2025-01-19T12:26:59.977Z] INFO: MT: GET | PA: /logs | AU: Authenticated | ST: 200 | RT: 1.00 ms
[2025-01-19T12:26:59.980Z] INFO: MT: GET | PA: /logs | AU: Authenticated | ST: 200 | RT: 1.00 ms
[2025-01-19T12:27:00.147Z] INFO: MT: GET | PA: /logs | AU: Authenticated | ST: 200 | RT: 1.00 ms
[2025-01-19T12:27:00.590Z] INFO: MT: GET | PA: /logs | AU: Authenticated | ST: 200 | RT: 1.00 ms
[2025-01-19T12:27:00.718Z] INFO: MT: GET | PA: /logs | AU: Authenticated | ST: 200 | RT: 1.00 ms
[2025-01-19T12:27:00.721Z] INFO: MT: GET | PA: /logs | AU: Authenticated | ST: 200 | RT: 1.00 ms
[2025-01-19T12:27:00.969Z] INFO: MT: GET | PA: /logs | AU: Authenticated | ST: 200 | RT: 1.00 ms
[2025-01-19T12:27:01.176Z] INFO: MT: GET | PA: /logs | AU: Authenticated | ST: 200 | RT: 1.00 ms
[2025-01-19T12:27:01.305Z] INFO: MT: GET | PA: /logs | AU: Authenticated | ST: 200 | RT: 1.00 ms
[2025-01-19T12:27:01.310Z] INFO: MT: GET | PA: /logs | AU: Authenticated | ST: 200 | RT: 2.00 ms
[2025-01-19T12:27:01.533Z] INFO: MT: GET | PA: /logs | AU: Authenticated | ST: 200 | RT: 1.00 ms
[2025-01-19T12:27:01.797Z] INFO: MT: GET | PA: /logs | AU: Authenticated | ST: 200 | RT: 3.00 ms
[2025-01-19T12:27:01.940Z] INFO: MT: GET | PA: /logs | AU: Authenticated | ST: 200 | RT: 1.00 ms
[2025-01-19T12:27:01.944Z] INFO: MT: GET | PA: /logs | AU: Authenticated | ST: 200 | RT: 1.00 ms
[2025-01-19T12:27:02.174Z] INFO: MT: GET | PA: /logs | AU: Authenticated | ST: 200 | RT: 1.00 ms
[2025-01-19T12:27:02.460Z] INFO: MT: GET | PA: /logs | AU: Authenticated | ST: 200 | RT: 1.00 ms
[2025-01-19T12:27:02.600Z] INFO: MT: GET | PA: /logs | AU: Authenticated | ST: 200 | RT: 1.00 ms
[2025-01-19T12:27:02.604Z] INFO: MT: GET | PA: /logs | AU: Authenticated | ST: 200 | RT: 2.00 ms
[2025-01-19T12:27:02.821Z] INFO: MT: GET | PA: /logs | AU: Authenticated | ST: 200 | RT: 1.00 ms
[2025-01-19T12:27:03.077Z] INFO: MT: GET | PA: /logs | AU: Authenticated | ST: 200 | RT: 1.00 ms
[2025-01-19T12:27:03.312Z] INFO: MT: GET | PA: /logs | AU: Authenticated | ST: 200 | RT: 1.00 ms
[2025-01-19T12:27:03.316Z] INFO: MT: GET | PA: /logs | AU: Authenticated | ST: 200 | RT: 1.00 ms
[2025-01-19T12:27:03.547Z] INFO: MT: GET | PA: /logs | AU: Authenticated | ST: 200 | RT: 1.00 ms
[2025-01-19T12:27:03.813Z] INFO: MT: GET | PA: /logs | AU: Authenticated | ST: 200 | RT: 1.00 ms
[2025-01-19T12:27:04.064Z] INFO: MT: GET | PA: /logs | AU: Authenticated | ST: 200 | RT: 1.00 ms
[2025-01-19T12:27:04.069Z] INFO: MT: GET | PA: /logs | AU: Authenticated | ST: 200 | RT: 1.00 ms
[2025-01-19T12:27:04.316Z] INFO: MT: GET | PA: /logs | AU: Authenticated | ST: 200 | RT: 1.00 ms
[2025-01-19T12:27:04.585Z] INFO: MT: GET | PA: /logs | AU: Authenticated | ST: 200 | RT: 1.00 ms
[2025-01-19T12:27:04.767Z] INFO: MT: GET | PA: /logs | AU: Authenticated | ST: 200 | RT: 2.00 ms
[2025-01-19T12:27:04.771Z] INFO: MT: GET | PA: /logs | AU: Authenticated | ST: 200 | RT: 1.00 ms
[2025-01-19T12:27:05.009Z] INFO: MT: GET | PA: /logs | AU: Authenticated | ST: 200 | RT: 1.00 ms
[2025-01-19T12:27:05.395Z] INFO: MT: GET | PA: /logs | AU: Authenticated | ST: 200 | RT: 2.00 ms
[2025-01-19T12:27:05.751Z] INFO: MT: GET | PA: /logs | AU: Authenticated | ST: 200 | RT: 2.00 ms
[2025-01-19T12:27:05.755Z] INFO: MT: GET | PA: /logs | AU: Authenticated | ST: 200 | RT: 2.00 ms
[2025-01-19T12:27:06.129Z] INFO: MT: GET | PA: /logs | AU: Authenticated | ST: 200 | RT: 2.00 ms
[2025-01-19T12:27:06.904Z] INFO: MT: GET | PA: /logs | AU: Authenticated | ST: 200 | RT: 3.00 ms
[2025-01-19T12:27:07.300Z] INFO: MT: GET | PA: /logs | AU: Authenticated | ST: 200 | RT: 3.00 ms
[2025-01-19T12:27:07.307Z] INFO: MT: GET | PA: /logs | AU: Authenticated | ST: 200 | RT: 3.00 ms
[2025-01-19T12:27:07.653Z] INFO: MT: GET | PA: /logs | AU: Authenticated | ST: 200 | RT: 1.00 ms
[2025-01-19T12:27:07.692Z] INFO: MT: GET | PA: /logs | AU: Authenticated | ST: 200 | RT: 2.00 ms
[2025-01-19T12:27:07.698Z] INFO: MT: GET | PA: /logs | AU: Authenticated | ST: 200 | RT: 2.00 ms
[2025-01-19T12:27:12.045Z] INFO: MT: POST | PA: /maintainance | AU: Authenticated | ST: 200 | RT: 3.00 ms
[2025-01-19T12:27:12.051Z] INFO: MT: POST | PA: /maintainance | AU: Authenticated | ST: 200 | RT: 2.00 ms
[2025-01-19T12:27:12.098Z] INFO: MT: GET | PA: /static/profile/64e9ba8eaeba5be8be479d00.https://universitykart.b-cdn.net//Content/upload/admin/xgguhkwb.zwq.jpg | AU: Unauthenticated | ST: 404 | RT: 0.00 ms
[2025-01-19T12:27:19.378Z] INFO: MT: GET | PA: /logs | AU: Authenticated | ST: 200 | RT: 1.00 ms
[2025-01-19T12:27:19.382Z] INFO: MT: GET | PA: /logs | AU: Authenticated | ST: 200 | RT: 2.00 ms
[2025-01-19T12:27:21.925Z] INFO: MT: GET | PA: /logs | AU: Authenticated | ST: 200 | RT: 3.00 ms
[2025-01-19T12:27:21.934Z] INFO: MT: GET | PA: /logs | AU: Authenticated | ST: 200 | RT: 3.00 ms
[2025-01-19T12:27:21.952Z] INFO: MT: POST | PA: /maintainance | AU: Authenticated | ST: 200 | RT: 4.00 ms
[2025-01-19T12:27:21.959Z] INFO: MT: POST | PA: /maintainance | AU: Authenticated | ST: 200 | RT: 3.00 ms
[2025-01-19T12:27:22.018Z] INFO: MT: GET | PA: /static/profile/64e9ba8eaeba5be8be479d00.https://universitykart.b-cdn.net//Content/upload/admin/xgguhkwb.zwq.jpg | AU: Unauthenticated | ST: 404 | RT: 0.00 ms
[2025-01-19T12:27:24.447Z] INFO: MT: GET | PA: /logs | AU: Authenticated | ST: 200 | RT: 7.00 ms
[2025-01-19T12:32:05.710Z] INFO: MT: POST | PA: /maintainance | AU: Authenticated | ST: 200 | RT: 2.00 ms
[2025-01-19T12:32:05.714Z] INFO: MT: POST | PA: /maintainance | AU: Authenticated | ST: 200 | RT: 2.00 ms
[2025-01-19T12:33:29.276Z] INFO: MT: POST | PA: /maintainance | AU: Authenticated | ST: 200 | RT: 2.00 ms
[2025-01-19T12:33:29.271Z] INFO: MT: GET | PA: /logs | AU: Authenticated | ST: 200 | RT: 2.00 ms
[2025-01-19T12:33:29.280Z] INFO: MT: POST | PA: /maintainance | AU: Authenticated | ST: 200 | RT: 2.00 ms
[2025-01-19T12:33:29.290Z] INFO: MT: GET | PA: /logs | AU: Authenticated | ST: 200 | RT: 7.00 ms
[2025-01-19T12:33:29.408Z] INFO: MT: GET | PA: /static/profile/64e9ba8eaeba5be8be479d00.https://universitykart.b-cdn.net//Content/upload/admin/xgguhkwb.zwq.jpg | AU: Unauthenticated | ST: 404 | RT: 0.00 ms
[2025-01-19T12:34:38.418Z] INFO: MT: GET | PA: /logs | AU: Authenticated | ST: 200 | RT: 4.00 ms
[2025-01-19T12:34:38.425Z] INFO: MT: GET | PA: /logs | AU: Authenticated | ST: 200 | RT: 3.00 ms
[2025-01-19T12:34:52.084Z] INFO: MT: GET | PA: /logs | AU: Authenticated | ST: 200 | RT: 4.00 ms
[2025-01-19T13:04:07.659Z] INFO: MT: POST | PA: /maintainance | AU: Authenticated | ST: 200 | RT: 2.00 ms
[2025-01-19T13:04:07.665Z] INFO: MT: GET | PA: /logs | AU: Authenticated | ST: 200 | RT: 3.00 ms
[2025-01-19T13:04:07.670Z] INFO: MT: POST | PA: /maintainance | AU: Authenticated | ST: 200 | RT: 2.00 ms
[2025-01-19T13:04:07.673Z] INFO: MT: GET | PA: /logs | AU: Authenticated | ST: 200 | RT: 2.00 ms
[2025-01-19T13:04:07.698Z] INFO: MT: GET | PA: /static/profile/64e9ba8eaeba5be8be479d00.https://universitykart.b-cdn.net//Content/upload/admin/xgguhkwb.zwq.jpg | AU: Unauthenticated | ST: 404 | RT: 0.00 ms
[2025-01-19T13:52:11.985Z] INFO: Server is running on port 3000
[2025-01-19T13:52:12.791Z] INFO: Connected to MongoDB
[2025-01-19T15:05:58.108Z] INFO: MT: POST | PA: /maintainance | AU: Authenticated | ST: 200 | RT: 45.00 ms
[2025-01-19T15:05:58.130Z] INFO: MT: POST | PA: /maintainance | AU: Authenticated | ST: 200 | RT: 4.00 ms
[2025-01-19T15:05:58.417Z] INFO: MT: GET | PA: /static/profile/64e9ba8eaeba5be8be479d00.https://universitykart.b-cdn.net//Content/upload/admin/xgguhkwb.zwq.jpg | AU: Unauthenticated | ST: 404 | RT: 6.00 ms
[2025-01-19T15:06:04.254Z] INFO: MT: GET | PA: /static/profile/64e9ba8eaeba5be8be479d00.https://universitykart.b-cdn.net//Content/upload/admin/xgguhkwb.zwq.jpg | AU: Unauthenticated | ST: 404 | RT: 2.00 ms
[2025-01-19T15:06:04.377Z] INFO: MT: GET | PA: /houses | AU: Authenticated | ST: 200 | RT: 295.00 ms
[2025-01-19T15:06:04.449Z] INFO: MT: GET | PA: /houses | AU: Authenticated | ST: 200 | RT: 56.00 ms
[2025-01-19T15:06:07.304Z] INFO: MT: GET | PA: /events | AU: Authenticated | ST: 200 | RT: 48.00 ms
[2025-01-19T15:06:07.352Z] INFO: MT: GET | PA: /events | AU: Authenticated | ST: 200 | RT: 41.00 ms
[2025-01-19T15:06:15.229Z] INFO: MT: GET | PA: /static/profile/64e9ba8eaeba5be8be479d00.https://universitykart.b-cdn.net//Content/upload/admin/xgguhkwb.zwq.jpg | AU: Unauthenticated | ST: 404 | RT: 1.00 ms
[2025-01-19T15:06:15.326Z] INFO: MT: GET | PA: /user/students | AU: Authenticated | ST: 200 | RT: 130.00 ms
[2025-01-19T15:06:15.433Z] INFO: MT: GET | PA: /user/students | AU: Authenticated | ST: 200 | RT: 104.00 ms
[2025-01-19T15:06:20.808Z] INFO: MT: GET | PA: /user/faculty | AU: Authenticated | ST: 200 | RT: 57.00 ms
[2025-01-19T15:06:20.879Z] INFO: MT: GET | PA: /user/faculty | AU: Authenticated | ST: 200 | RT: 65.00 ms
[2025-01-19T15:06:25.917Z] INFO: MT: GET | PA: /certificates/student | AU: Authenticated | ST: 200 | RT: 94.00 ms
[2025-01-19T15:06:25.979Z] INFO: MT: GET | PA: /certificates/student | AU: Authenticated | ST: 200 | RT: 57.00 ms
[2025-01-19T15:06:27.918Z] INFO: MT: GET | PA: /certificates/faculty | AU: Authenticated | ST: 200 | RT: 113.00 ms
[2025-01-19T15:06:27.998Z] INFO: MT: GET | PA: /certificates/faculty | AU: Authenticated | ST: 200 | RT: 76.00 ms
[2025-01-19T15:06:30.168Z] INFO: MT: GET | PA: /feedback | AU: Authenticated | ST: 200 | RT: 57.00 ms
[2025-01-19T15:06:30.248Z] INFO: MT: GET | PA: /feedback | AU: Authenticated | ST: 200 | RT: 74.00 ms
[2025-01-19T15:06:35.860Z] INFO: MT: GET | PA: /user/faculty | AU: Authenticated | ST: 200 | RT: 69.00 ms
[2025-01-19T15:06:35.959Z] INFO: MT: GET | PA: /user/faculty | AU: Authenticated | ST: 200 | RT: 96.00 ms
[2025-01-19T15:06:38.141Z] INFO: MT: GET | PA: /houses | AU: Authenticated | ST: 200 | RT: 42.00 ms
[2025-01-19T15:06:38.201Z] INFO: MT: GET | PA: /houses | AU: Authenticated | ST: 200 | RT: 55.00 ms
[2025-01-19T15:07:13.680Z] WARN: Internal Server Error
[2025-01-19T15:07:13.683Z] INFO: MT: POST | PA: /user/faculty | AU: Authenticated | ST: 500 | RT: 30.00 ms
[2025-01-19T15:07:17.947Z] WARN: Internal Server Error
[2025-01-19T15:07:17.949Z] INFO: MT: POST | PA: /user/faculty | AU: Authenticated | ST: 500 | RT: 5.00 ms
[2025-01-19T15:07:18.385Z] WARN: Internal Server Error
[2025-01-19T15:07:18.387Z] INFO: MT: POST | PA: /user/faculty | AU: Authenticated | ST: 500 | RT: 3.00 ms
[2025-01-19T15:07:18.730Z] WARN: Internal Server Error
[2025-01-19T15:07:18.732Z] INFO: MT: POST | PA: /user/faculty | AU: Authenticated | ST: 500 | RT: 4.00 ms
[2025-01-19T15:07:36.589Z] INFO: MT: POST | PA: /user/faculty | AU: Authenticated | ST: 500 | RT: 6.00 ms
[2025-01-19T15:07:36.587Z] WARN: Internal Server Error
[2025-01-19T15:07:38.737Z] WARN: Internal Server Error
[2025-01-19T15:07:38.739Z] INFO: MT: POST | PA: /user/faculty | AU: Authenticated | ST: 500 | RT: 4.00 ms
[2025-01-19T15:07:47.367Z] WARN: Internal Server Error
[2025-01-19T15:07:47.369Z] INFO: MT: POST | PA: /user/faculty | AU: Authenticated | ST: 500 | RT: 5.00 ms
[2025-01-19T15:07:48.452Z] WARN: Internal Server Error
[2025-01-19T15:07:48.453Z] INFO: MT: POST | PA: /user/faculty | AU: Authenticated | ST: 500 | RT: 6.00 ms
[2025-01-19T15:07:48.627Z] WARN: Internal Server Error
[2025-01-19T15:07:48.629Z] INFO: MT: POST | PA: /user/faculty | AU: Authenticated | ST: 500 | RT: 6.00 ms
[2025-01-19T15:07:48.775Z] WARN: Internal Server Error
[2025-01-19T15:07:48.776Z] INFO: MT: POST | PA: /user/faculty | AU: Authenticated | ST: 500 | RT: 4.00 ms
[2025-01-19T15:07:48.896Z] WARN: Internal Server Error
[2025-01-19T15:07:48.899Z] INFO: MT: POST | PA: /user/faculty | AU: Authenticated | ST: 500 | RT: 4.00 ms
[2025-01-19T15:07:49.258Z] WARN: Internal Server Error
[2025-01-19T15:07:49.260Z] INFO: MT: POST | PA: /user/faculty | AU: Authenticated | ST: 500 | RT: 3.00 ms
[2025-01-19T15:07:49.390Z] WARN: Internal Server Error
[2025-01-19T15:07:49.391Z] INFO: MT: POST | PA: /user/faculty | AU: Authenticated | ST: 500 | RT: 3.00 ms
[2025-01-19T15:07:49.764Z] WARN: Internal Server Error
[2025-01-19T15:07:49.765Z] INFO: MT: POST | PA: /user/faculty | AU: Authenticated | ST: 500 | RT: 3.00 ms
[2025-01-19T15:07:50.466Z] INFO: MT: POST | PA: /user/faculty | AU: Authenticated | ST: 500 | RT: 5.00 ms
[2025-01-19T15:07:50.465Z] WARN: Internal Server Error
[2025-01-19T15:07:50.866Z] WARN: Internal Server Error
[2025-01-19T15:07:50.868Z] INFO: MT: POST | PA: /user/faculty | AU: Authenticated | ST: 500 | RT: 3.00 ms
[2025-01-21T13:25:13.374Z] INFO: Server is running on port 3000
[2025-01-21T13:25:14.082Z] INFO: Connected to MongoDB
[2025-01-21T13:27:55.687Z] INFO: MT: POST | PA: /maintainance | AU: Unauthenticated | ST: 200 | RT: 33.00 ms
[2025-01-21T13:27:55.789Z] INFO: MT: POST | PA: /maintainance | AU: Unauthenticated | ST: 200 | RT: 1.00 ms
[2025-01-21T13:29:21.364Z] WARN: Invalid Credentials
[2025-01-21T13:29:21.367Z] INFO: MT: POST | PA: /auth | AU: Unauthenticated | ST: 401 | RT: 137.00 ms
[2025-01-21T13:29:33.355Z] INFO: Student 22204016 logged in at 2025-01-21T13:29:33.355Z
[2025-01-21T13:29:33.356Z] INFO: MT: POST | PA: /auth | AU: Unauthenticated | ST: 200 | RT: 111.00 ms
[2025-01-21T13:29:34.350Z] INFO: MT: POST | PA: /maintainance | AU: Authenticated | ST: 200 | RT: 2.00 ms
[2025-01-21T13:29:34.364Z] INFO: MT: POST | PA: /maintainance | AU: Authenticated | ST: 200 | RT: 10.00 ms
[2025-01-21T13:29:34.838Z] INFO: MT: GET | PA: /dashboard/student | AU: Authenticated | ST: 200 | RT: 499.00 ms
[2025-01-21T13:29:35.032Z] INFO: MT: GET | PA: /dashboard/student | AU: Authenticated | ST: 200 | RT: 166.00 ms
[2025-01-21T13:29:50.656Z] INFO: MT: GET | PA: /events | AU: Authenticated | ST: 200 | RT: 31.00 ms
[2025-01-21T13:29:50.689Z] INFO: MT: GET | PA: /events | AU: Authenticated | ST: 200 | RT: 26.00 ms
[2025-01-21T13:30:00.516Z] INFO: MT: POST | PA: /maintainance | AU: Unauthenticated | ST: 200 | RT: 0.00 ms
[2025-01-21T13:30:00.522Z] INFO: MT: POST | PA: /maintainance | AU: Unauthenticated | ST: 200 | RT: 0.00 ms
[2025-01-21T13:30:13.828Z] INFO: Admin kbdeshpande@apsit.edu.in logged in at 2025-01-21T13:30:13.828Z
[2025-01-21T13:30:13.830Z] INFO: MT: POST | PA: /auth | AU: Unauthenticated | ST: 200 | RT: 106.00 ms
[2025-01-21T13:30:14.601Z] INFO: MT: POST | PA: /maintainance | AU: Authenticated | ST: 200 | RT: 1.00 ms
[2025-01-21T13:30:14.611Z] INFO: MT: POST | PA: /maintainance | AU: Authenticated | ST: 200 | RT: 4.00 ms
[2025-01-21T13:30:14.721Z] INFO: MT: GET | PA: /static/profile/64e9ba8eaeba5be8be479d00.https://universitykart.b-cdn.net//Content/upload/admin/xgguhkwb.zwq.jpg | AU: Unauthenticated | ST: 404 | RT: 3.00 ms
[2025-01-21T14:00:53.143Z] INFO: MT: POST | PA: /maintainance | AU: Authenticated | ST: 200 | RT: 4.00 ms
[2025-01-21T14:00:53.071Z] INFO: MT: POST | PA: /maintainance | AU: Authenticated | ST: 200 | RT: 29.00 ms
[2025-01-21T14:00:53.281Z] INFO: MT: GET | PA: /static/profile/64e9ba8eaeba5be8be479d00.https://universitykart.b-cdn.net//Content/upload/admin/xgguhkwb.zwq.jpg | AU: Unauthenticated | ST: 404 | RT: 2.00 ms
[2025-01-21T14:00:58.514Z] INFO: MT: GET | PA: /certificates/faculty | AU: Authenticated | ST: 200 | RT: 177.00 ms
[2025-01-21T14:00:58.585Z] INFO: MT: GET | PA: /certificates/faculty | AU: Authenticated | ST: 200 | RT: 66.00 ms
[2025-01-21T14:01:08.339Z] INFO: MT: GET | PA: /user/faculty | AU: Authenticated | ST: 200 | RT: 46.00 ms
[2025-01-21T14:01:08.429Z] INFO: MT: GET | PA: /user/faculty | AU: Authenticated | ST: 200 | RT: 85.00 ms
[2025-01-21T14:01:11.656Z] INFO: MT: GET | PA: /houses | AU: Authenticated | ST: 200 | RT: 28.00 ms
[2025-01-21T14:01:11.687Z] INFO: MT: GET | PA: /houses | AU: Authenticated | ST: 200 | RT: 28.00 ms
[2025-01-21T14:02:12.621Z] WARN: Internal Server Error
[2025-01-21T14:02:12.623Z] INFO: MT: POST | PA: /user/faculty | AU: Authenticated | ST: 500 | RT: 39.00 ms
[2025-01-21T14:02:19.601Z] WARN: Internal Server Error
[2025-01-21T14:02:19.604Z] INFO: MT: POST | PA: /user/faculty | AU: Authenticated | ST: 500 | RT: 11.00 ms
[2025-01-21T14:02:20.477Z] WARN: Internal Server Error
[2025-01-21T14:02:20.481Z] INFO: MT: POST | PA: /user/faculty | AU: Authenticated | ST: 500 | RT: 8.00 ms
[2025-01-21T14:02:21.273Z] WARN: Internal Server Error
[2025-01-21T14:02:21.275Z] INFO: MT: POST | PA: /user/faculty | AU: Authenticated | ST: 500 | RT: 3.00 ms
[2025-01-21T14:02:21.892Z] WARN: Internal Server Error
[2025-01-21T14:02:21.893Z] INFO: MT: POST | PA: /user/faculty | AU: Authenticated | ST: 500 | RT: 4.00 ms
[2025-01-21T14:02:22.226Z] WARN: Internal Server Error
[2025-01-21T14:02:22.227Z] INFO: MT: POST | PA: /user/faculty | AU: Authenticated | ST: 500 | RT: 4.00 ms
[2025-01-21T14:02:22.579Z] WARN: Internal Server Error
[2025-01-21T14:02:22.581Z] INFO: MT: POST | PA: /user/faculty | AU: Authenticated | ST: 500 | RT: 4.00 ms
[2025-01-21T14:02:22.952Z] WARN: Internal Server Error
[2025-01-21T14:02:22.953Z] INFO: MT: POST | PA: /user/faculty | AU: Authenticated | ST: 500 | RT: 4.00 ms
[2025-01-21T14:03:47.632Z] INFO: MT: GET | PA: /events | AU: Authenticated | ST: 200 | RT: 30.00 ms
[2025-01-21T14:03:47.670Z] INFO: MT: GET | PA: /static/profile/64e9ba8eaeba5be8be479d00.https://universitykart.b-cdn.net//Content/upload/admin/xgguhkwb.zwq.jpg | AU: Unauthenticated | ST: 404 | RT: 1.00 ms
[2025-01-21T14:03:47.682Z] INFO: MT: GET | PA: /events | AU: Authenticated | ST: 200 | RT: 45.00 ms
[2025-01-21T14:03:48.779Z] INFO: MT: GET | PA: /houses | AU: Authenticated | ST: 200 | RT: 54.00 ms
[2025-01-21T14:03:48.814Z] INFO: MT: GET | PA: /houses | AU: Authenticated | ST: 200 | RT: 27.00 ms
[2025-01-21T14:03:52.015Z] INFO: MT: GET | PA: /houses/650837fd456c2aa06e287a17 | AU: Authenticated | ST: 200 | RT: 162.00 ms
[2025-01-21T14:03:52.104Z] INFO: MT: GET | PA: /houses/650837fd456c2aa06e287a17 | AU: Authenticated | ST: 200 | RT: 82.00 ms
[2025-01-21T14:04:00.418Z] INFO: MT: GET | PA: /houses | AU: Authenticated | ST: 200 | RT: 45.00 ms
[2025-01-21T14:04:00.452Z] INFO: MT: GET | PA: /houses | AU: Authenticated | ST: 200 | RT: 30.00 ms
[2025-01-21T14:04:02.270Z] INFO: MT: GET | PA: /houses/654b6069305f699caf30b356 | AU: Authenticated | ST: 200 | RT: 71.00 ms
[2025-01-21T14:04:02.348Z] INFO: MT: GET | PA: /houses/654b6069305f699caf30b356 | AU: Authenticated | ST: 200 | RT: 75.00 ms
[2025-01-21T14:04:11.861Z] INFO: MT: GET | PA: /static/profile/64e9ba8eaeba5be8be479d00.https://universitykart.b-cdn.net//Content/upload/admin/xgguhkwb.zwq.jpg | AU: Unauthenticated | ST: 404 | RT: 1.00 ms
[2025-01-21T14:04:11.888Z] INFO: MT: GET | PA: /user/faculty | AU: Authenticated | ST: 200 | RT: 56.00 ms
[2025-01-21T14:04:12.058Z] INFO: MT: GET | PA: /user/faculty | AU: Authenticated | ST: 200 | RT: 74.00 ms
[2025-01-21T14:04:14.112Z] INFO: MT: GET | PA: /houses | AU: Authenticated | ST: 200 | RT: 28.00 ms
[2025-01-21T14:04:14.169Z] INFO: MT: GET | PA: /houses | AU: Authenticated | ST: 200 | RT: 34.00 ms
[2025-01-21T14:04:47.090Z] WARN: Internal Server Error
[2025-01-21T14:04:47.093Z] INFO: MT: POST | PA: /user/faculty | AU: Authenticated | ST: 500 | RT: 6.00 ms
[2025-01-21T14:04:53.052Z] WARN: Internal Server Error
[2025-01-21T14:04:53.055Z] INFO: MT: POST | PA: /user/faculty | AU: Authenticated | ST: 500 | RT: 7.00 ms
[2025-01-21T14:06:40.837Z] WARN: Internal Server Error
[2025-01-21T14:06:40.838Z] INFO: MT: POST | PA: /user/faculty | AU: Authenticated | ST: 500 | RT: 5.00 ms
[2025-01-21T14:06:47.749Z] WARN: Internal Server Error
[2025-01-21T14:06:47.751Z] INFO: MT: POST | PA: /user/faculty | AU: Authenticated | ST: 500 | RT: 4.00 ms
[2025-01-21T14:06:54.218Z] WARN: Internal Server Error
[2025-01-21T14:06:54.219Z] INFO: MT: POST | PA: /user/faculty | AU: Authenticated | ST: 500 | RT: 3.00 ms
[2025-01-21T14:10:04.532Z] INFO: MT: POST | PA: /maintainance | AU: Unauthenticated | ST: 200 | RT: 0.00 ms
[2025-01-21T14:10:04.538Z] INFO: MT: POST | PA: /maintainance | AU: Unauthenticated | ST: 200 | RT: 0.00 ms
[2025-01-21T14:11:47.302Z] WARN: Something went wrong
[2025-01-21T14:11:47.303Z] INFO: MT: POST | PA: /auth | AU: Unauthenticated | ST: 404 | RT: 210.00 ms
[2025-01-21T14:12:43.792Z] INFO: Server is running on port 3000
[2025-01-21T14:12:44.398Z] INFO: Connected to MongoDB
[2025-01-21T14:12:50.639Z] INFO: MT: POST | PA: /maintainance | AU: Unauthenticated | ST: 200 | RT: 28.00 ms
[2025-01-21T14:12:50.703Z] INFO: MT: POST | PA: /maintainance | AU: Unauthenticated | ST: 200 | RT: 6.00 ms
[2025-01-21T14:13:01.807Z] WARN: Something went wrong
[2025-01-21T14:13:01.810Z] INFO: MT: POST | PA: /auth | AU: Unauthenticated | ST: 404 | RT: 128.00 ms
[2025-01-21T14:15:00.720Z] INFO: Admin kbdeshpande@apsit.edu.in logged in at 2025-01-21T14:15:00.720Z
[2025-01-21T14:15:00.722Z] INFO: MT: POST | PA: /auth | AU: Unauthenticated | ST: 200 | RT: 152.00 ms
[2025-01-21T14:15:01.682Z] INFO: MT: POST | PA: /maintainance | AU: Authenticated | ST: 200 | RT: 11.00 ms
[2025-01-21T14:15:01.706Z] INFO: MT: POST | PA: /maintainance | AU: Authenticated | ST: 200 | RT: 9.00 ms
[2025-01-21T14:15:01.897Z] INFO: MT: GET | PA: /static/profile/64e9ba8eaeba5be8be479d00.https://universitykart.b-cdn.net//Content/upload/admin/xgguhkwb.zwq.jpg | AU: Unauthenticated | ST: 404 | RT: 3.00 ms
[2025-01-21T14:16:02.565Z] INFO: MT: GET | PA: /static/profile/64e9ba8eaeba5be8be479d00.https://universitykart.b-cdn.net//Content/upload/admin/xgguhkwb.zwq.jpg | AU: Unauthenticated | ST: 404 | RT: 1.00 ms
[2025-01-21T14:16:02.604Z] INFO: MT: GET | PA: /houses | AU: Authenticated | ST: 200 | RT: 81.00 ms
[2025-01-21T14:16:02.666Z] INFO: MT: GET | PA: /houses | AU: Authenticated | ST: 200 | RT: 56.00 ms
[2025-01-21T14:16:04.631Z] INFO: MT: GET | PA: /houses/650837fd456c2aa06e287a17 | AU: Authenticated | ST: 200 | RT: 153.00 ms
[2025-01-21T14:16:04.719Z] INFO: MT: GET | PA: /houses/650837fd456c2aa06e287a17 | AU: Authenticated | ST: 200 | RT: 84.00 ms
[2025-01-21T14:16:15.515Z] INFO: MT: GET | PA: /events | AU: Authenticated | ST: 200 | RT: 44.00 ms
[2025-01-21T14:16:15.569Z] INFO: MT: GET | PA: /events | AU: Authenticated | ST: 200 | RT: 49.00 ms
[2025-01-21T14:16:45.767Z] INFO: MT: GET | PA: /houses | AU: Authenticated | ST: 200 | RT: 60.00 ms
[2025-01-21T14:16:45.806Z] INFO: MT: GET | PA: /houses | AU: Authenticated | ST: 200 | RT: 35.00 ms
[2025-01-21T14:16:54.609Z] INFO: MT: GET | PA: /houses/650837fd456c2aa06e287a17 | AU: Authenticated | ST: 200 | RT: 132.00 ms
[2025-01-21T14:16:54.753Z] INFO: MT: GET | PA: /houses/650837fd456c2aa06e287a17 | AU: Authenticated | ST: 200 | RT: 136.00 ms
[2025-01-21T14:16:57.095Z] INFO: MT: GET | PA: /houses | AU: Authenticated | ST: 200 | RT: 88.00 ms
[2025-01-21T14:16:57.140Z] INFO: MT: GET | PA: /houses | AU: Authenticated | ST: 200 | RT: 40.00 ms
[2025-01-21T14:16:58.274Z] INFO: MT: GET | PA: /houses/650837fd456c2aa06e287a17 | AU: Authenticated | ST: 200 | RT: 117.00 ms
[2025-01-21T14:16:58.448Z] INFO: MT: GET | PA: /houses/650837fd456c2aa06e287a17 | AU: Authenticated | ST: 200 | RT: 167.00 ms
[2025-01-21T14:17:00.950Z] INFO: MT: GET | PA: /houses | AU: Authenticated | ST: 200 | RT: 30.00 ms
[2025-01-21T14:17:00.995Z] INFO: MT: GET | PA: /houses | AU: Authenticated | ST: 200 | RT: 36.00 ms
[2025-01-21T14:17:02.242Z] INFO: MT: GET | PA: /houses/650837fd456c2aa06e287a17 | AU: Authenticated | ST: 200 | RT: 145.00 ms
[2025-01-21T14:17:02.358Z] INFO: MT: GET | PA: /houses/650837fd456c2aa06e287a17 | AU: Authenticated | ST: 200 | RT: 110.00 ms
[2025-01-21T14:18:08.596Z] INFO: MT: GET | PA: /events | AU: Authenticated | ST: 200 | RT: 60.00 ms
[2025-01-21T14:18:08.636Z] INFO: MT: GET | PA: /events | AU: Authenticated | ST: 200 | RT: 34.00 ms
[2025-01-21T14:22:00.151Z] INFO: MT: POST | PA: /events | AU: Authenticated | ST: 404 | RT: 3.00 ms
[2025-01-21T14:24:11.752Z] INFO: MT: POST | PA: /maintainance | AU: Authenticated | ST: 200 | RT: 16.00 ms
[2025-01-21T14:24:11.763Z] INFO: MT: POST | PA: /maintainance | AU: Authenticated | ST: 200 | RT: 3.00 ms
[2025-01-21T14:24:11.865Z] INFO: MT: GET | PA: /events | AU: Authenticated | ST: 200 | RT: 91.00 ms
[2025-01-21T14:24:12.142Z] INFO: MT: GET | PA: /events | AU: Authenticated | ST: 200 | RT: 29.00 ms
[2025-01-21T14:24:12.266Z] INFO: MT: GET | PA: /static/profile/64e9ba8eaeba5be8be479d00.https://universitykart.b-cdn.net//Content/upload/admin/xgguhkwb.zwq.jpg | AU: Unauthenticated | ST: 404 | RT: 1.00 ms
[2025-01-21T14:24:31.733Z] INFO: MT: POST | PA: /maintainance | AU: Authenticated | ST: 200 | RT: 10.00 ms
[2025-01-21T14:24:31.759Z] INFO: MT: POST | PA: /maintainance | AU: Authenticated | ST: 200 | RT: 6.00 ms
[2025-01-21T14:24:31.830Z] INFO: MT: GET | PA: /events | AU: Authenticated | ST: 200 | RT: 57.00 ms
[2025-01-21T14:24:31.912Z] INFO: MT: GET | PA: /events | AU: Authenticated | ST: 200 | RT: 40.00 ms
[2025-01-21T14:24:32.140Z] INFO: MT: GET | PA: /static/profile/64e9ba8eaeba5be8be479d00.https://universitykart.b-cdn.net//Content/upload/admin/xgguhkwb.zwq.jpg | AU: Unauthenticated | ST: 404 | RT: 2.00 ms
[2025-01-21T14:26:36.867Z] INFO: MT: GET | PA: /houses | AU: Authenticated | ST: 200 | RT: 66.00 ms
[2025-01-21T14:26:36.917Z] INFO: MT: GET | PA: /houses | AU: Authenticated | ST: 200 | RT: 45.00 ms
[2025-01-21T14:26:38.469Z] INFO: MT: GET | PA: /houses/650837fd456c2aa06e287a17 | AU: Authenticated | ST: 200 | RT: 68.00 ms
[2025-01-21T14:26:38.578Z] INFO: MT: GET | PA: /houses/650837fd456c2aa06e287a17 | AU: Authenticated | ST: 200 | RT: 103.00 ms
[2025-01-21T14:40:27.848Z] INFO: MT: GET | PA: /static/profile/64e9ba8eaeba5be8be479d00.https://universitykart.b-cdn.net//Content/upload/admin/xgguhkwb.zwq.jpg | AU: Unauthenticated | ST: 404 | RT: 8.00 ms
[2025-01-21T14:40:28.064Z] INFO: MT: GET | PA: /user/students | AU: Authenticated | ST: 200 | RT: 188.00 ms
[2025-01-21T14:40:28.136Z] INFO: MT: GET | PA: /user/students | AU: Authenticated | ST: 200 | RT: 65.00 ms
[2025-01-21T14:40:31.923Z] INFO: MT: GET | PA: /houses | AU: Authenticated | ST: 200 | RT: 57.00 ms
[2025-01-21T14:40:31.967Z] INFO: MT: GET | PA: /houses | AU: Authenticated | ST: 200 | RT: 41.00 ms
[2025-01-21T14:40:33.027Z] INFO: MT: GET | PA: /houses | AU: Authenticated | ST: 200 | RT: 32.00 ms
[2025-01-21T14:40:33.062Z] INFO: MT: GET | PA: /houses | AU: Authenticated | ST: 200 | RT: 30.00 ms
[2025-01-21T14:42:35.968Z] INFO: MT: GET | PA: /houses | AU: Authenticated | ST: 200 | RT: 76.00 ms
[2025-01-21T14:42:36.005Z] INFO: MT: GET | PA: /houses | AU: Authenticated | ST: 200 | RT: 30.00 ms
[2025-01-21T15:04:13.993Z] INFO: MT: POST | PA: /maintainance | AU: Authenticated | ST: 200 | RT: 3.00 ms
[2025-01-21T15:04:14.001Z] INFO: MT: POST | PA: /maintainance | AU: Authenticated | ST: 200 | RT: 3.00 ms
[2025-01-21T15:04:14.326Z] INFO: MT: GET | PA: /static/profile/64e9ba8eaeba5be8be479d00.https://universitykart.b-cdn.net//Content/upload/admin/xgguhkwb.zwq.jpg | AU: Unauthenticated | ST: 404 | RT: 2.00 ms
[2025-01-21T15:04:16.299Z] INFO: MT: GET | PA: /static/profile/64e9ba8eaeba5be8be479d00.https://universitykart.b-cdn.net//Content/upload/admin/xgguhkwb.zwq.jpg | AU: Unauthenticated | ST: 404 | RT: 0.00 ms
[2025-01-21T15:04:16.355Z] INFO: MT: GET | PA: /events | AU: Authenticated | ST: 200 | RT: 88.00 ms
[2025-01-21T15:04:16.398Z] INFO: MT: GET | PA: /events | AU: Authenticated | ST: 200 | RT: 34.00 ms
[2025-01-21T15:04:44.507Z] INFO: MT: GET | PA: /houses | AU: Authenticated | ST: 200 | RT: 36.00 ms
[2025-01-21T15:04:44.545Z] INFO: MT: GET | PA: /houses | AU: Authenticated | ST: 200 | RT: 35.00 ms
[2025-01-21T15:04:45.837Z] INFO: MT: GET | PA: /houses/650837fd456c2aa06e287a17 | AU: Authenticated | ST: 200 | RT: 131.00 ms
[2025-01-21T15:04:45.918Z] INFO: MT: GET | PA: /houses/650837fd456c2aa06e287a17 | AU: Authenticated | ST: 200 | RT: 74.00 ms
[2025-01-21T15:06:59.629Z] INFO: MT: POST | PA: /maintainance | AU: Authenticated | ST: 200 | RT: 8.00 ms
[2025-01-21T15:06:59.697Z] INFO: MT: GET | PA: /houses/650837fd456c2aa06e287a17 | AU: Authenticated | ST: 200 | RT: 148.00 ms
[2025-01-21T15:06:59.734Z] INFO: MT: POST | PA: /maintainance | AU: Authenticated | ST: 200 | RT: 7.00 ms
[2025-01-21T15:06:59.916Z] INFO: MT: GET | PA: /houses/650837fd456c2aa06e287a17 | AU: Authenticated | ST: 200 | RT: 112.00 ms
[2025-01-21T15:07:00.319Z] INFO: MT: GET | PA: /static/profile/64e9ba8eaeba5be8be479d00.https://universitykart.b-cdn.net//Content/upload/admin/xgguhkwb.zwq.jpg | AU: Unauthenticated | ST: 404 | RT: 0.00 ms
[2025-01-21T15:19:21.586Z] INFO: MT: POST | PA: /maintainance | AU: Authenticated | ST: 200 | RT: 73.00 ms
[2025-01-21T15:19:21.616Z] INFO: MT: POST | PA: /maintainance | AU: Authenticated | ST: 200 | RT: 5.00 ms
[2025-01-21T15:19:21.879Z] INFO: MT: GET | PA: /static/profile/64e9ba8eaeba5be8be479d00.https://universitykart.b-cdn.net//Content/upload/admin/xgguhkwb.zwq.jpg | AU: Unauthenticated | ST: 404 | RT: 4.00 ms
[2025-01-21T15:19:23.736Z] INFO: MT: GET | PA: /static/profile/64e9ba8eaeba5be8be479d00.https://universitykart.b-cdn.net//Content/upload/admin/xgguhkwb.zwq.jpg | AU: Unauthenticated | ST: 404 | RT: 0.00 ms
[2025-01-21T15:19:23.789Z] INFO: MT: GET | PA: /feedback | AU: Authenticated | ST: 200 | RT: 96.00 ms
[2025-01-21T15:19:23.843Z] INFO: MT: GET | PA: /feedback | AU: Authenticated | ST: 200 | RT: 46.00 ms
[2025-01-21T15:47:06.549Z] INFO: MT: POST | PA: /maintainance | AU: Authenticated | ST: 200 | RT: 7.00 ms
[2025-01-21T15:47:06.396Z] INFO: MT: POST | PA: /maintainance | AU: Authenticated | ST: 200 | RT: 128.00 ms
[2025-01-21T15:47:06.732Z] INFO: MT: GET | PA: /static/profile/64e9ba8eaeba5be8be479d00.https://universitykart.b-cdn.net//Content/upload/admin/xgguhkwb.zwq.jpg | AU: Unauthenticated | ST: 404 | RT: 10.00 ms
[2025-01-21T15:47:16.933Z] INFO: MT: GET | PA: /static/profile/64e9ba8eaeba5be8be479d00.https://universitykart.b-cdn.net//Content/upload/admin/xgguhkwb.zwq.jpg | AU: Unauthenticated | ST: 404 | RT: 0.00 ms
[2025-01-21T15:47:16.991Z] INFO: MT: GET | PA: /houses | AU: Authenticated | ST: 200 | RT: 108.00 ms
[2025-01-21T15:47:17.027Z] INFO: MT: GET | PA: /houses | AU: Authenticated | ST: 200 | RT: 32.00 ms
[2025-01-21T15:47:26.298Z] INFO: MT: GET | PA: /houses/650837fd456c2aa06e287a17 | AU: Authenticated | ST: 200 | RT: 99.00 ms
[2025-01-21T15:47:26.372Z] INFO: MT: GET | PA: /houses/650837fd456c2aa06e287a17 | AU: Authenticated | ST: 200 | RT: 67.00 ms
[2025-01-21T15:57:26.825Z] INFO: MT: GET | PA: /houses/650837fd456c2aa06e287a17 | AU: Authenticated | ST: 200 | RT: 59.00 ms
[2025-01-21T15:57:26.905Z] INFO: MT: GET | PA: /houses/650837fd456c2aa06e287a17 | AU: Authenticated | ST: 200 | RT: 76.00 ms
[2025-01-21T15:58:00.799Z] INFO: MT: GET | PA: /houses/650837fd456c2aa06e287a17 | AU: Authenticated | ST: 200 | RT: 61.00 ms
[2025-01-21T15:59:30.843Z] INFO: MT: GET | PA: /houses/650837fd456c2aa06e287a17 | AU: Authenticated | ST: 200 | RT: 96.00 ms
[2025-01-21T15:59:30.926Z] INFO: MT: GET | PA: /houses/650837fd456c2aa06e287a17 | AU: Authenticated | ST: 200 | RT: 80.00 ms
[2025-01-21T15:59:31.156Z] INFO: MT: GET | PA: /static/profile/64e9ba8eaeba5be8be479d00.https://universitykart.b-cdn.net//Content/upload/admin/xgguhkwb.zwq.jpg | AU: Unauthenticated | ST: 404 | RT: 1.00 ms
[2025-01-21T16:05:50.752Z] INFO: MT: POST | PA: /maintainance | AU: Authenticated | ST: 200 | RT: 3.00 ms
[2025-01-21T16:05:50.757Z] INFO: MT: POST | PA: /maintainance | AU: Authenticated | ST: 200 | RT: 2.00 ms
[2025-01-21T16:05:51.612Z] INFO: MT: GET | PA: /static/profile/64e9ba8eaeba5be8be479d00.https://universitykart.b-cdn.net//Content/upload/admin/xgguhkwb.zwq.jpg | AU: Unauthenticated | ST: 404 | RT: 3.00 ms
[2025-01-21T16:05:55.599Z] INFO: MT: GET | PA: /auth/profile | AU: Authenticated | ST: 200 | RT: 136.00 ms
[2025-01-21T16:05:55.686Z] INFO: MT: GET | PA: /auth/profile | AU: Authenticated | ST: 200 | RT: 83.00 ms
[2025-01-21T16:05:59.130Z] INFO: MT: GET | PA: /houses/650837fd456c2aa06e287a17 | AU: Authenticated | ST: 200 | RT: 93.00 ms
[2025-01-21T16:05:59.206Z] INFO: MT: GET | PA: /houses/650837fd456c2aa06e287a17 | AU: Authenticated | ST: 200 | RT: 72.00 ms
[2025-01-21T16:06:27.808Z] INFO: MT: POST | PA: /maintainance | AU: Authenticated | ST: 200 | RT: 2.00 ms
[2025-01-21T16:06:27.814Z] INFO: MT: POST | PA: /maintainance | AU: Authenticated | ST: 200 | RT: 3.00 ms
[2025-01-21T16:06:30.978Z] INFO: MT: POST | PA: /maintainance | AU: Authenticated | ST: 200 | RT: 4.00 ms
[2025-01-21T16:06:31.005Z] INFO: MT: POST | PA: /maintainance | AU: Authenticated | ST: 200 | RT: 10.00 ms
[2025-01-21T16:07:36.817Z] INFO: MT: POST | PA: /maintainance | AU: Authenticated | ST: 200 | RT: 2.00 ms
[2025-01-21T16:07:36.830Z] INFO: MT: POST | PA: /maintainance | AU: Authenticated | ST: 200 | RT: 4.00 ms
[2025-01-21T16:07:36.945Z] INFO: MT: GET | PA: /houses/650837fd456c2aa06e287a17 | AU: Authenticated | ST: 200 | RT: 125.00 ms
[2025-01-21T16:07:37.356Z] INFO: MT: GET | PA: /houses/650837fd456c2aa06e287a17 | AU: Authenticated | ST: 200 | RT: 92.00 ms
[2025-01-21T16:07:37.515Z] INFO: MT: GET | PA: /static/profile/64e9ba8eaeba5be8be479d00.https://universitykart.b-cdn.net//Content/upload/admin/xgguhkwb.zwq.jpg | AU: Unauthenticated | ST: 404 | RT: 1.00 ms
[2025-01-21T16:07:49.354Z] INFO: MT: GET | PA: /auth/profile | AU: Authenticated | ST: 200 | RT: 98.00 ms
[2025-01-21T16:07:49.482Z] INFO: MT: GET | PA: /auth/profile | AU: Authenticated | ST: 200 | RT: 122.00 ms
[2025-01-21T16:07:50.727Z] INFO: MT: GET | PA: /houses/650837fd456c2aa06e287a17 | AU: Authenticated | ST: 200 | RT: 90.00 ms
[2025-01-21T16:07:50.806Z] INFO: MT: GET | PA: /houses/650837fd456c2aa06e287a17 | AU: Authenticated | ST: 200 | RT: 74.00 ms
[2025-01-21T16:08:33.270Z] INFO: MT: POST | PA: /maintainance | AU: Authenticated | ST: 200 | RT: 12.00 ms
[2025-01-21T16:08:33.364Z] INFO: MT: POST | PA: /maintainance | AU: Authenticated | ST: 200 | RT: 29.00 ms
[2025-01-21T16:08:33.482Z] INFO: MT: GET | PA: /houses/650837fd456c2aa06e287a17 | AU: Authenticated | ST: 200 | RT: 370.00 ms
[2025-01-21T16:08:33.556Z] INFO: MT: GET | PA: /houses/650837fd456c2aa06e287a17 | AU: Authenticated | ST: 200 | RT: 62.00 ms
[2025-01-21T16:08:33.714Z] INFO: MT: GET | PA: /static/profile/64e9ba8eaeba5be8be479d00.https://universitykart.b-cdn.net//Content/upload/admin/xgguhkwb.zwq.jpg | AU: Unauthenticated | ST: 404 | RT: 2.00 ms
[2025-01-21T16:09:25.676Z] INFO: MT: GET | PA: /auth/profile | AU: Authenticated | ST: 200 | RT: 94.00 ms
[2025-01-21T16:09:25.801Z] INFO: MT: GET | PA: /auth/profile | AU: Authenticated | ST: 200 | RT: 120.00 ms
[2025-01-21T16:09:27.089Z] INFO: MT: GET | PA: /houses/650837fd456c2aa06e287a17 | AU: Authenticated | ST: 200 | RT: 64.00 ms
[2025-01-21T16:09:27.196Z] INFO: MT: GET | PA: /houses/650837fd456c2aa06e287a17 | AU: Authenticated | ST: 200 | RT: 99.00 ms
[2025-01-21T16:19:31.891Z] INFO: MT: GET | PA: /houses/650837fd456c2aa06e287a17 | AU: Authenticated | ST: 200 | RT: 60.00 ms
[2025-01-21T16:19:31.997Z] INFO: MT: GET | PA: /houses/650837fd456c2aa06e287a17 | AU: Authenticated | ST: 200 | RT: 102.00 ms
[2025-01-21T16:19:48.797Z] INFO: MT: GET | PA: /houses/650837fd456c2aa06e287a17 | AU: Authenticated | ST: 200 | RT: 89.00 ms
[2025-01-21T16:22:06.318Z] INFO: MT: POST | PA: /maintainance | AU: Authenticated | ST: 200 | RT: 4.00 ms
[2025-01-21T16:22:06.059Z] INFO: MT: POST | PA: /maintainance | AU: Authenticated | ST: 200 | RT: 268.00 ms
[2025-01-21T16:22:07.544Z] INFO: MT: GET | PA: /static/profile/64e9ba8eaeba5be8be479d00.https://universitykart.b-cdn.net//Content/upload/admin/xgguhkwb.zwq.jpg | AU: Unauthenticated | ST: 404 | RT: 7.00 ms
[2025-01-21T16:27:49.564Z] INFO: MT: POST | PA: /maintainance | AU: Authenticated | ST: 200 | RT: 2.00 ms
[2025-01-21T16:27:49.571Z] INFO: MT: POST | PA: /maintainance | AU: Authenticated | ST: 200 | RT: 1.00 ms
[2025-01-21T16:27:53.030Z] INFO: MT: POST | PA: /maintainance | AU: Authenticated | ST: 200 | RT: 6.00 ms
[2025-01-21T16:27:53.038Z] INFO: MT: POST | PA: /maintainance | AU: Authenticated | ST: 200 | RT: 3.00 ms
[2025-01-21T16:29:00.786Z] INFO: MT: POST | PA: /maintainance | AU: Authenticated | ST: 200 | RT: 1.00 ms
[2025-01-21T16:29:01.121Z] INFO: MT: POST | PA: /maintainance | AU: Authenticated | ST: 200 | RT: 2.00 ms
[2025-01-21T16:29:01.189Z] INFO: MT: GET | PA: /houses/650837fd456c2aa06e287a17 | AU: Authenticated | ST: 200 | RT: 400.00 ms
[2025-01-21T16:29:01.197Z] INFO: MT: GET | PA: /static/profile/64e9ba8eaeba5be8be479d00.https://universitykart.b-cdn.net//Content/upload/admin/xgguhkwb.zwq.jpg | AU: Unauthenticated | ST: 404 | RT: 4.00 ms
[2025-01-21T16:29:01.307Z] INFO: MT: GET | PA: /houses/650837fd456c2aa06e287a17 | AU: Authenticated | ST: 200 | RT: 108.00 ms
[2025-01-21T16:43:15.324Z] INFO: MT: POST | PA: /maintainance | AU: Authenticated | ST: 200 | RT: 127.00 ms
[2025-01-21T16:43:15.346Z] INFO: MT: POST | PA: /maintainance | AU: Authenticated | ST: 200 | RT: 3.00 ms
[2025-01-21T16:43:17.259Z] INFO: MT: POST | PA: /maintainance | AU: Authenticated | ST: 200 | RT: 4.00 ms
[2025-01-21T16:43:17.271Z] INFO: MT: POST | PA: /maintainance | AU: Authenticated | ST: 200 | RT: 8.00 ms
[2025-01-21T16:55:25.318Z] INFO: MT: POST | PA: /maintainance | AU: Authenticated | ST: 200 | RT: 2.00 ms
[2025-01-21T16:55:25.533Z] INFO: MT: POST | PA: /maintainance | AU: Authenticated | ST: 200 | RT: 49.00 ms
[2025-01-21T16:55:25.792Z] INFO: MT: GET | PA: /houses/650837fd456c2aa06e287a17 | AU: Authenticated | ST: 200 | RT: 470.00 ms
[2025-01-21T16:55:25.905Z] INFO: MT: GET | PA: /houses/650837fd456c2aa06e287a17 | AU: Authenticated | ST: 200 | RT: 86.00 ms
[2025-01-21T16:55:26.085Z] INFO: MT: GET | PA: /static/profile/64e9ba8eaeba5be8be479d00.https://universitykart.b-cdn.net//Content/upload/admin/xgguhkwb.zwq.jpg | AU: Unauthenticated | ST: 404 | RT: 2.00 ms
[2025-01-21T16:55:32.043Z] INFO: MT: POST | PA: /maintainance | AU: Authenticated | ST: 200 | RT: 5.00 ms
[2025-01-21T16:55:32.086Z] INFO: MT: POST | PA: /maintainance | AU: Authenticated | ST: 200 | RT: 14.00 ms
[2025-01-21T16:55:32.246Z] INFO: MT: GET | PA: /houses/650837fd456c2aa06e287a17 | AU: Authenticated | ST: 200 | RT: 118.00 ms
[2025-01-21T16:55:32.444Z] INFO: MT: GET | PA: /houses/650837fd456c2aa06e287a17 | AU: Authenticated | ST: 200 | RT: 110.00 ms
[2025-01-21T16:55:32.634Z] INFO: MT: GET | PA: /static/profile/64e9ba8eaeba5be8be479d00.https://universitykart.b-cdn.net//Content/upload/admin/xgguhkwb.zwq.jpg | AU: Unauthenticated | ST: 404 | RT: 1.00 ms
[2025-01-21T16:55:45.390Z] INFO: MT: POST | PA: /maintainance | AU: Authenticated | ST: 200 | RT: 4.00 ms
[2025-01-21T16:55:45.521Z] INFO: MT: POST | PA: /maintainance | AU: Authenticated | ST: 200 | RT: 8.00 ms
[2025-01-21T16:55:45.671Z] INFO: MT: GET | PA: /houses/650837fd456c2aa06e287a17 | AU: Authenticated | ST: 200 | RT: 126.00 ms
[2025-01-21T16:55:45.865Z] INFO: MT: GET | PA: /houses/650837fd456c2aa06e287a17 | AU: Authenticated | ST: 200 | RT: 81.00 ms
[2025-01-21T16:55:45.954Z] INFO: MT: GET | PA: /static/profile/64e9ba8eaeba5be8be479d00.https://universitykart.b-cdn.net//Content/upload/admin/xgguhkwb.zwq.jpg | AU: Unauthenticated | ST: 404 | RT: 1.00 ms
[2025-01-21T16:55:48.472Z] INFO: MT: POST | PA: /maintainance | AU: Authenticated | ST: 200 | RT: 6.00 ms
[2025-01-21T16:55:48.674Z] INFO: MT: POST | PA: /maintainance | AU: Authenticated | ST: 200 | RT: 3.00 ms
[2025-01-21T16:55:48.709Z] INFO: MT: GET | PA: /static/profile/64e9ba8eaeba5be8be479d00.https://universitykart.b-cdn.net//Content/upload/admin/xgguhkwb.zwq.jpg | AU: Unauthenticated | ST: 404 | RT: 3.00 ms
[2025-01-21T16:55:48.775Z] INFO: MT: GET | PA: /houses/650837fd456c2aa06e287a17 | AU: Authenticated | ST: 200 | RT: 92.00 ms
[2025-01-21T16:55:48.849Z] INFO: MT: GET | PA: /houses/650837fd456c2aa06e287a17 | AU: Authenticated | ST: 200 | RT: 70.00 ms
[2025-01-21T16:56:58.277Z] INFO: MT: POST | PA: /maintainance | AU: Authenticated | ST: 200 | RT: 3.00 ms
[2025-01-21T16:56:58.289Z] INFO: MT: POST | PA: /maintainance | AU: Authenticated | ST: 200 | RT: 6.00 ms
[2025-01-21T16:56:58.910Z] INFO: MT: GET | PA: /static/profile/64e9ba8eaeba5be8be479d00.https://universitykart.b-cdn.net//Content/upload/admin/xgguhkwb.zwq.jpg | AU: Unauthenticated | ST: 404 | RT: 1.00 ms
[2025-01-21T16:57:11.135Z] INFO: MT: POST | PA: /maintainance | AU: Authenticated | ST: 200 | RT: 7.00 ms
[2025-01-21T16:57:11.144Z] INFO: MT: POST | PA: /maintainance | AU: Authenticated | ST: 200 | RT: 5.00 ms
[2025-01-21T16:57:11.626Z] INFO: MT: GET | PA: /static/profile/64e9ba8eaeba5be8be479d00.https://universitykart.b-cdn.net//Content/upload/admin/xgguhkwb.zwq.jpg | AU: Unauthenticated | ST: 404 | RT: 1.00 ms
[2025-01-21T16:57:12.517Z] INFO: MT: GET | PA: /houses | AU: Authenticated | ST: 200 | RT: 50.00 ms
[2025-01-21T16:57:12.553Z] INFO: MT: GET | PA: /houses | AU: Authenticated | ST: 200 | RT: 31.00 ms
[2025-01-21T16:57:14.307Z] INFO: MT: GET | PA: /houses/650837fd456c2aa06e287a17 | AU: Authenticated | ST: 200 | RT: 53.00 ms
[2025-01-21T16:57:14.384Z] INFO: MT: GET | PA: /houses/650837fd456c2aa06e287a17 | AU: Authenticated | ST: 200 | RT: 73.00 ms
[2025-01-21T17:01:54.363Z] INFO: MT: POST | PA: /maintainance | AU: Authenticated | ST: 200 | RT: 3.00 ms
[2025-01-21T17:01:54.375Z] INFO: MT: POST | PA: /maintainance | AU: Authenticated | ST: 200 | RT: 2.00 ms
[2025-01-21T17:01:54.505Z] INFO: MT: GET | PA: /houses/650837fd456c2aa06e287a17 | AU: Authenticated | ST: 200 | RT: 138.00 ms
[2025-01-21T17:01:55.015Z] INFO: MT: GET | PA: /houses/650837fd456c2aa06e287a17 | AU: Authenticated | ST: 200 | RT: 73.00 ms
[2025-01-21T17:01:55.109Z] INFO: MT: GET | PA: /static/profile/64e9ba8eaeba5be8be479d00.https://universitykart.b-cdn.net//Content/upload/admin/xgguhkwb.zwq.jpg | AU: Unauthenticated | ST: 404 | RT: 2.00 ms
[2025-01-21T17:02:18.254Z] INFO: MT: POST | PA: /maintainance | AU: Authenticated | ST: 200 | RT: 2.00 ms
[2025-01-21T17:02:18.278Z] INFO: MT: POST | PA: /maintainance | AU: Authenticated | ST: 200 | RT: 12.00 ms
[2025-01-21T17:02:18.782Z] INFO: MT: GET | PA: /houses/650837fd456c2aa06e287a17 | AU: Authenticated | ST: 200 | RT: 524.00 ms
[2025-01-21T17:02:18.896Z] INFO: MT: GET | PA: /houses/650837fd456c2aa06e287a17 | AU: Authenticated | ST: 200 | RT: 100.00 ms
[2025-01-21T17:02:18.992Z] INFO: MT: GET | PA: /static/profile/64e9ba8eaeba5be8be479d00.https://universitykart.b-cdn.net//Content/upload/admin/xgguhkwb.zwq.jpg | AU: Unauthenticated | ST: 404 | RT: 3.00 ms
[2025-01-21T17:03:04.257Z] INFO: MT: POST | PA: /maintainance | AU: Authenticated | ST: 200 | RT: 17.00 ms
[2025-01-21T17:03:04.277Z] INFO: MT: POST | PA: /maintainance | AU: Authenticated | ST: 200 | RT: 14.00 ms
[2025-01-21T17:03:04.455Z] INFO: MT: GET | PA: /houses/650837fd456c2aa06e287a17 | AU: Authenticated | ST: 200 | RT: 175.00 ms
[2025-01-21T17:03:04.672Z] INFO: MT: GET | PA: /houses/650837fd456c2aa06e287a17 | AU: Authenticated | ST: 200 | RT: 83.00 ms
[2025-01-21T17:03:04.834Z] INFO: MT: GET | PA: /static/profile/64e9ba8eaeba5be8be479d00.https://universitykart.b-cdn.net//Content/upload/admin/xgguhkwb.zwq.jpg | AU: Unauthenticated | ST: 404 | RT: 2.00 ms
[2025-01-21T17:03:19.161Z] INFO: MT: POST | PA: /maintainance | AU: Authenticated | ST: 200 | RT: 3.00 ms
[2025-01-21T17:03:19.206Z] INFO: MT: POST | PA: /maintainance | AU: Authenticated | ST: 200 | RT: 32.00 ms
[2025-01-21T17:03:19.404Z] INFO: MT: GET | PA: /houses/650837fd456c2aa06e287a17 | AU: Authenticated | ST: 200 | RT: 239.00 ms
[2025-01-21T17:03:19.749Z] INFO: MT: GET | PA: /houses/650837fd456c2aa06e287a17 | AU: Authenticated | ST: 200 | RT: 142.00 ms
[2025-01-21T17:03:19.839Z] INFO: MT: GET | PA: /static/profile/64e9ba8eaeba5be8be479d00.https://universitykart.b-cdn.net//Content/upload/admin/xgguhkwb.zwq.jpg | AU: Unauthenticated | ST: 404 | RT: 2.00 ms
[2025-01-21T17:03:36.591Z] INFO: MT: POST | PA: /maintainance | AU: Authenticated | ST: 200 | RT: 4.00 ms
[2025-01-21T17:03:36.674Z] INFO: MT: POST | PA: /maintainance | AU: Authenticated | ST: 200 | RT: 7.00 ms
[2025-01-21T17:03:36.750Z] INFO: MT: GET | PA: /houses/650837fd456c2aa06e287a17 | AU: Authenticated | ST: 200 | RT: 151.00 ms
[2025-01-21T17:03:37.002Z] INFO: MT: GET | PA: /houses/650837fd456c2aa06e287a17 | AU: Authenticated | ST: 200 | RT: 155.00 ms
[2025-01-21T17:03:37.174Z] INFO: MT: GET | PA: /static/profile/64e9ba8eaeba5be8be479d00.https://universitykart.b-cdn.net//Content/upload/admin/xgguhkwb.zwq.jpg | AU: Unauthenticated | ST: 404 | RT: 1.00 ms
[2025-01-21T17:04:13.778Z] INFO: MT: GET | PA: /houses/650837fd456c2aa06e287a17 | AU: Authenticated | ST: 200 | RT: 98.00 ms
[2025-01-21T17:06:30.823Z] INFO: MT: POST | PA: /maintainance | AU: Authenticated | ST: 200 | RT: 7.00 ms
[2025-01-21T17:06:30.908Z] INFO: MT: POST | PA: /maintainance | AU: Authenticated | ST: 200 | RT: 13.00 ms
[2025-01-21T17:06:31.036Z] INFO: MT: GET | PA: /houses/650837fd456c2aa06e287a17 | AU: Authenticated | ST: 200 | RT: 116.00 ms
[2025-01-21T17:06:31.274Z] INFO: MT: GET | PA: /houses/650837fd456c2aa06e287a17 | AU: Authenticated | ST: 200 | RT: 116.00 ms
[2025-01-21T17:06:31.434Z] INFO: MT: GET | PA: /static/profile/64e9ba8eaeba5be8be479d00.https://universitykart.b-cdn.net//Content/upload/admin/xgguhkwb.zwq.jpg | AU: Unauthenticated | ST: 404 | RT: 1.00 ms
